<?xml version="1.0" encoding="UTF-8"?>
<!-- Generated by org.testng.reporters.JUnitXMLReporter -->
<testsuite ignored="0" hostname="DESKTOP-40VQOD4" failures="0" tests="4" name="Default test" time="10.988" errors="0" timestamp="2024-09-07T12:30:38 BDT">
  <testcase classname="TestNGDemo.MyFirstTestcase" name="openapp" time="6.433"/>
  <testcase classname="TestNGDemo.MyFirstTestcase" name="checkIcon" time="4.056"/>
  <testcase classname="TestNGDemo.MyFirstTestcase" name="login" time="0.242"/>
  <testcase classname="TestNGDemo.MyFirstTestcase" name="close" time="0.186"/>
</testsuite> <!-- Default test -->
