<?xml version="1.0" encoding="UTF-8"?>
<!-- Generated by org.testng.reporters.JUnitXMLReporter -->
<testsuite ignored="5" hostname="DESKTOP-40VQOD4" failures="0" tests="4" name="Test" time="0.084" errors="0" timestamp="2024-09-11T12:11:10 BDT">
  <testcase classname="TestNGGrouping.TestPayment" name="TestPAymentDollers" time="0.014"/>
  <testcase classname="TestNGGrouping.TestPayment" name="TestPAymentTaka" time="0.002"/>
  <testcase classname="TestNGGrouping.TestSignup" name="TestFacebookSignup" time="0.003"/>
  <testcase classname="TestNGGrouping.TestSignup" name="TestTwitterSignup" time="0.002"/>
  <testcase classname="TestNGGrouping.TestLogging" name="TestTwitterLogin" time="0.0">
    <ignored/>
  </testcase> <!-- TestTwitterLogin -->
  <testcase classname="TestNGGrouping.TestLogging" name="TestAppleLogin" time="0.0">
    <ignored/>
  </testcase> <!-- TestAppleLogin -->
  <testcase classname="TestNGGrouping.TestLogging" name="TestInstagramLogin" time="0.0">
    <ignored/>
  </testcase> <!-- TestInstagramLogin -->
  <testcase classname="TestNGGrouping.TestLogging" name="TestFacebookLogin" time="0.0">
    <ignored/>
  </testcase> <!-- TestFacebookLogin -->
  <testcase classname="TestNGGrouping.TestSignup" name="TestAppleSignup" time="0.0">
    <ignored/>
  </testcase> <!-- TestAppleSignup -->
</testsuite> <!-- Test -->
