<?xml version="1.0" encoding="UTF-8"?>
<testng-results ignored="0" total="1" passed="1" failed="0" skipped="0">
  <reporter-output>
  </reporter-output>
  <suite started-at="2024-09-15T22:53:53 BDT" name="Default suite" finished-at="2024-09-15T22:55:16 BDT" duration-ms="83246">
    <groups>
    </groups>
    <test started-at="2024-09-15T22:53:53 BDT" name="Default test" finished-at="2024-09-15T22:55:16 BDT" duration-ms="83246">
      <class name="PageObjectModel.TestLogin">
        <test-method is-config="true" signature="setup()[pri:0, instance:PageObjectModel.TestLogin@5fdcaa40]" started-at="2024-09-15T22:53:53 BDT" name="setup" finished-at="2024-09-15T22:55:08 BDT" duration-ms="74843" status="PASS">
          <reporter-output>
          </reporter-output>
        </test-method> <!-- setup -->
        <test-method signature="LoginTest()[pri:0, instance:PageObjectModel.TestLogin@5fdcaa40]" started-at="2024-09-15T22:55:08 BDT" name="LoginTest" finished-at="2024-09-15T22:55:16 BDT" duration-ms="8102" status="PASS">
          <reporter-output>
          </reporter-output>
        </test-method> <!-- LoginTest -->
        <test-method is-config="true" signature="closeTest()[pri:0, instance:PageObjectModel.TestLogin@5fdcaa40]" started-at="2024-09-15T22:55:16 BDT" name="closeTest" finished-at="2024-09-15T22:55:16 BDT" duration-ms="239" status="PASS">
          <reporter-output>
          </reporter-output>
        </test-method> <!-- closeTest -->
      </class> <!-- PageObjectModel.TestLogin -->
    </test> <!-- Default test -->
  </suite> <!-- Default suite -->
</testng-results>
